[2017-04-09 12:52:35] log.INFO: "Requested access to: Nordsvensk travh\u00f6rning"
[2017-04-09 12:56:09] log.INFO: "Requested info about unicorns" [] []
[2017-04-09 12:56:17] log.INFO: "Requested info about: Nordsvensk travh\u00f6rning" [] []
[2017-04-09 12:56:37] log.INFO: "Requested info about: Nordsvensk travh\u00f6rning" [] []
[2017-04-09 13:00:06] log.INFO: "Requested info about: Transsylvansk kortsvans" [] []
[2017-04-09 13:01:28] log.INFO: "Requested info about: Nordsvensk travh\u00f6rning" [] []
[2017-04-09 13:04:03] log.INFO: "Requested info about: Nordsvensk travh\u00f6rning" [] []
[2017-04-09 13:04:21] log.INFO: "Requested info about: Nordsvensk travh\u00f6rning" [] []
[2017-04-09 13:04:58] log.INFO: "Requested info about: Nordsvensk travh\u00f6rning" [] []
[2017-04-09 13:05:23] log.INFO: "Requested info about: Nordsvensk travh\u00f6rning" [] []
[2017-04-09 13:05:55] log.INFO: "Requested info about: Nordsvensk travh\u00f6rning" [] []
[2017-04-09 13:05:58] log.INFO: "Requested info about: Nordsvensk travh\u00f6rning" [] []
[2017-04-09 13:06:15] log.INFO: "Requested info about unicorns" [] []
[2017-04-09 13:06:18] log.INFO: "Requested info about: Nordsvensk travh\u00f6rning" [] []
[2017-04-09 13:08:53] log.INFO: "Requested info about: Nordsvensk travh\u00f6rning" [] []
[2017-04-09 13:08:58] log.INFO: "Requested info about: Sm\u00e5v\u00e4xt enh\u00f6rning" [] []
[2017-04-09 13:17:10] log.INFO: "Requested info about: Karibisk strandponny" [] []
[2017-04-09 13:17:13] log.INFO: "Requested info about: Nordsvensk travh\u00f6rning" [] []
[2017-04-09 13:18:25] log.INFO: "Requested info about: Karibisk strandponny" [] []
[2017-04-09 13:18:27] log.INFO: "Requested info about: Nordsvensk travh\u00f6rning" [] []
[2017-04-09 13:18:30] log.INFO: "Requested info about: Sm\u00e5v\u00e4xt enh\u00f6rning" [] []
[2017-04-09 13:22:56] log.INFO: "Requested info about unicorns" [] []
[2017-04-09 13:23:50] log.INFO: "Requested info about: Nordsvensk travh\u00f6rning" [] []
[2017-04-09 13:23:55] log.INFO: "Requested info about: Nattaktiv hornl\u00f6pare" [] []
[2017-04-09 13:24:29] log.INFO: "Requested info about: Eventuellt fejkad enh\u00f6rning" [] []
[2017-04-09 13:24:42] log.INFO: "Requested info about: Indisk enh\u00f6rning" [] []
[2017-04-09 13:24:46] log.INFO: "Requested info about: Karibisk strandponny" [] []
[2017-04-09 13:25:33] log.INFO: "Requested info about: Nordsvensk travh\u00f6rning" [] []
[2017-04-09 13:25:36] log.INFO: "Requested info about: Indisk enh\u00f6rning" [] []
[2017-04-09 13:26:30] log.INFO: "Requested info about unicorns" [] []
[2017-04-09 13:26:40] log.INFO: "Requested info about unicorns" [] []
[2017-04-09 13:27:01] log.INFO: "Requested info about: Indisk enh\u00f6rning" [] []
[2017-04-09 13:27:23] log.INFO: "Requested info about: Nordsvensk travh\u00f6rning" [] []
[2017-04-09 13:27:26] log.INFO: "Requested info about: Grekisk pegasusmix" [] []
[2017-04-09 13:27:31] log.INFO: "Requested info about: Indisk enh\u00f6rning" [] []
[2017-04-09 13:27:36] log.INFO: "Requested info about: Bayersk l\u00e4ttfotad" [] []
[2017-04-09 13:28:53] log.INFO: "Requested info about: Karibisk strandponny" [] []
[2017-04-09 13:28:56] log.INFO: "Requested info about: Grekisk pegasusmix" [] []
[2017-04-09 13:29:02] log.INFO: "Requested info about: Mulfl\u00e4ckad enh\u00f6rning" [] []
[2017-04-09 13:29:19] log.INFO: "Requested info about: Mulfl\u00e4ckad enh\u00f6rning" [] []
[2017-04-09 13:30:42] log.INFO: "Requested info about unicorns" [] []
[2017-04-09 13:32:17] log.INFO: "Requested info about unicorns" [] []
[2017-04-09 13:32:23] log.INFO: "Requested info about: Nordsvensk travh\u00f6rning" [] []
[2017-04-09 13:32:42] log.INFO: "Requested info about: Fransk v\u00e5gman" [] []
[2017-04-09 13:44:39] log.INFO: "Requested info about unicorns" [] []
[2017-04-09 13:44:42] log.INFO: "Requested info about: Nordsvensk travh\u00f6rning" [] []
[2017-04-09 13:44:44] log.INFO: "Requested info about: Karibisk strandponny" [] []
[2017-04-09 13:44:48] log.INFO: "Requested info about: Tord\u00f6nsenh\u00f6rning" [] []
[2017-04-13 12:41:59] log.INFO: "Requested info about unicorns" [] []
[2017-04-13 12:42:08] log.INFO: "Requested info about: Nordsvensk travh\u00f6rning" [] []
[2017-04-13 12:46:17] log.INFO: "Requested info about: Nordsvensk travh\u00f6rning" [] []
[2017-04-13 12:46:21] log.INFO: "Requested info about unicorns" [] []
[2017-04-13 12:46:23] log.INFO: "Requested info about: Karibisk strandponny" [] []
[2017-04-13 12:47:53] log.INFO: "Requested info about: Karibisk strandponny" [] []
[2017-04-13 12:47:55] log.INFO: "Requested info about unicorns" [] []
[2017-04-13 12:47:57] log.INFO: "Requested info about: Transsylvansk kortsvans" [] []
[2017-04-13 12:48:31] log.INFO: "Requested info about: Indisk enh\u00f6rning" [] []
[2017-04-13 12:48:36] log.INFO: "Requested info about unicorns" [] []
[2017-04-13 12:48:38] log.INFO: "Requested info about: Sm\u00e5v\u00e4xt enh\u00f6rning" [] []
[2017-04-13 12:48:41] log.INFO: "Requested info about unicorns" [] []
[2017-04-13 12:48:44] log.INFO: "Requested info about: Grekisk pegasusmix" [] []
[2017-04-13 12:49:28] log.INFO: "Requested info about: Nordsvensk travh\u00f6rning" [] []
[2017-04-13 12:49:49] log.INFO: "Requested info about: Nattaktiv hornl\u00f6pare" [] []
[2017-04-13 12:49:52] log.INFO: "Requested info about unicorns" [] []
[2017-04-13 12:49:55] log.INFO: "Requested info about: Nordsvensk travh\u00f6rning" [] []
[2017-04-13 12:49:57] log.INFO: "Requested info about unicorns" [] []
[2017-04-13 12:50:35] log.INFO: "Requested info about unicorns" [] []
[2017-04-13 12:50:40] log.INFO: "Requested info about: Mulfl\u00e4ckad enh\u00f6rning" [] []
[2017-04-13 12:50:44] log.INFO: "Requested info about unicorns" [] []
